<?xml version="1.0" encoding="UTF-8"?>
<testsuite name="com.ccuk.repository.AuditLogRepositoryTest" tests="1" skipped="0" failures="0" errors="0" timestamp="2018-11-13T17:34:24" hostname="UKCCOL0403WOK" time="0.274">
  <properties/>
  <testcase name="testCreateAuditLog" classname="com.ccuk.repository.AuditLogRepositoryTest" time="0.274"/>
  <system-out><![CDATA[2018-11-13 17:34:24.506  INFO 15208 --- [    Test worker] .b.t.c.SpringBootTestContextBootstrapper : Neither @ContextConfiguration nor @ContextHierarchy found for test class [com.ccuk.repository.AuditLogRepositoryTest], using SpringBootContextLoader
2018-11-13 17:34:24.507  INFO 15208 --- [    Test worker] o.s.t.c.support.AbstractContextLoader    : Could not detect default resource locations for test class [com.ccuk.repository.AuditLogRepositoryTest]: no resource found for suffixes {-context.xml, Context.groovy}.
2018-11-13 17:34:24.507  INFO 15208 --- [    Test worker] t.c.s.AnnotationConfigContextLoaderUtils : Could not detect default configuration classes for test class [com.ccuk.repository.AuditLogRepositoryTest]: AuditLogRepositoryTest does not declare any static, non-private, non-final, nested classes annotated with @Configuration.
2018-11-13 17:34:24.523  INFO 15208 --- [    Test worker] .b.t.c.SpringBootTestContextBootstrapper : Found @SpringBootConfiguration com.ccuk.AuditLogConsumerApplication for test class com.ccuk.repository.AuditLogRepositoryTest
2018-11-13 17:34:24.528  INFO 15208 --- [    Test worker] .b.t.c.SpringBootTestContextBootstrapper : Loaded default TestExecutionListener class names from location [META-INF/spring.factories]: [org.springframework.boot.test.autoconfigure.restdocs.RestDocsTestExecutionListener, org.springframework.boot.test.autoconfigure.web.client.MockRestServiceServerResetTestExecutionListener, org.springframework.boot.test.autoconfigure.web.servlet.MockMvcPrintOnlyOnFailureTestExecutionListener, org.springframework.boot.test.autoconfigure.web.servlet.WebDriverTestExecutionListener, org.springframework.boot.test.mock.mockito.MockitoTestExecutionListener, org.springframework.boot.test.mock.mockito.ResetMocksTestExecutionListener, org.springframework.test.context.web.ServletTestExecutionListener, org.springframework.test.context.support.DirtiesContextBeforeModesTestExecutionListener, org.springframework.test.context.support.DependencyInjectionTestExecutionListener, org.springframework.test.context.support.DirtiesContextTestExecutionListener, org.springframework.test.context.transaction.TransactionalTestExecutionListener, org.springframework.test.context.jdbc.SqlScriptsTestExecutionListener]
2018-11-13 17:34:24.532  INFO 15208 --- [    Test worker] .b.t.c.SpringBootTestContextBootstrapper : Using TestExecutionListeners: [org.springframework.test.context.web.ServletTestExecutionListener@4efee415, org.springframework.test.context.support.DirtiesContextBeforeModesTestExecutionListener@6977b412, org.springframework.boot.test.autoconfigure.SpringBootDependencyInjectionTestExecutionListener@38504d55, org.springframework.test.context.support.DirtiesContextTestExecutionListener@591c6b1a, org.springframework.test.context.transaction.TransactionalTestExecutionListener@607bf260, org.springframework.test.context.jdbc.SqlScriptsTestExecutionListener@34f81d59, org.springframework.boot.test.autoconfigure.web.servlet.WebDriverTestExecutionListener@e78d476, org.springframework.boot.test.autoconfigure.web.client.MockRestServiceServerResetTestExecutionListener@34862a18, org.springframework.boot.test.autoconfigure.restdocs.RestDocsTestExecutionListener@b51261a, org.springframework.boot.test.autoconfigure.web.servlet.MockMvcPrintOnlyOnFailureTestExecutionListener@7f37f0fc, org.springframework.boot.test.mock.mockito.ResetMocksTestExecutionListener@37245008, org.springframework.boot.test.mock.mockito.MockitoTestExecutionListener@32776a1e]
2018-11-13 17:34:24.583  INFO 15208 --- [    Test worker] org.mongodb.driver.connection            : Opened connection [connectionId{localValue:2, serverValue:19}] to localhost:27017
2018-11-13 17:34:24.627  INFO 15208 --- [    Test worker] com.ccuk.repository.AuditLogRepository   : Call received in AuditLogRepository : createAuditLog
2018-11-13 17:34:24.754  INFO 15208 --- [    Test worker] com.ccuk.repository.AuditLogRepository   : Audit Log is created Successfully
]]></system-out>
  <system-err><![CDATA[]]></system-err>
</testsuite>
