<?xml version="1.0" encoding="UTF-8"?>
<testsuite name="com.ccuk.services.AuditLogServiceTest" tests="1" skipped="0" failures="0" errors="0" timestamp="2018-11-13T17:34:24" hostname="UKCCOL0403WOK" time="0.017">
  <properties/>
  <testcase name="verifyCreateAuditLog" classname="com.ccuk.services.AuditLogServiceTest" time="0.017"/>
  <system-out><![CDATA[2018-11-13 17:34:24.819  INFO 15208 --- [    Test worker] o.s.t.c.s.DefaultTestContextBootstrapper : Neither @ContextConfiguration nor @ContextHierarchy found for test class [com.ccuk.services.AuditLogServiceTest], using DelegatingSmartContextLoader
2018-11-13 17:34:24.820  INFO 15208 --- [    Test worker] o.s.t.c.support.AbstractContextLoader    : Could not detect default resource locations for test class [com.ccuk.services.AuditLogServiceTest]: no resource found for suffixes {-context.xml}.
2018-11-13 17:34:24.821  INFO 15208 --- [    Test worker] t.c.s.AnnotationConfigContextLoaderUtils : Could not detect default configuration classes for test class [com.ccuk.services.AuditLogServiceTest]: AuditLogServiceTest does not declare any static, non-private, non-final, nested classes annotated with @Configuration.
2018-11-13 17:34:24.829  INFO 15208 --- [    Test worker] o.s.t.c.s.DefaultTestContextBootstrapper : Loaded default TestExecutionListener class names from location [META-INF/spring.factories]: [org.springframework.boot.test.autoconfigure.restdocs.RestDocsTestExecutionListener, org.springframework.boot.test.autoconfigure.web.client.MockRestServiceServerResetTestExecutionListener, org.springframework.boot.test.autoconfigure.web.servlet.MockMvcPrintOnlyOnFailureTestExecutionListener, org.springframework.boot.test.autoconfigure.web.servlet.WebDriverTestExecutionListener, org.springframework.boot.test.mock.mockito.MockitoTestExecutionListener, org.springframework.boot.test.mock.mockito.ResetMocksTestExecutionListener, org.springframework.test.context.web.ServletTestExecutionListener, org.springframework.test.context.support.DirtiesContextBeforeModesTestExecutionListener, org.springframework.test.context.support.DependencyInjectionTestExecutionListener, org.springframework.test.context.support.DirtiesContextTestExecutionListener, org.springframework.test.context.transaction.TransactionalTestExecutionListener, org.springframework.test.context.jdbc.SqlScriptsTestExecutionListener]
2018-11-13 17:34:24.830  INFO 15208 --- [    Test worker] o.s.t.c.s.DefaultTestContextBootstrapper : Using TestExecutionListeners: [org.springframework.test.context.web.ServletTestExecutionListener@20fad262, org.springframework.test.context.support.DirtiesContextBeforeModesTestExecutionListener@1c9d4f67, org.springframework.test.context.support.DependencyInjectionTestExecutionListener@3a38208, org.springframework.test.context.support.DirtiesContextTestExecutionListener@2604a1ba, org.springframework.test.context.transaction.TransactionalTestExecutionListener@501b1eda, org.springframework.test.context.jdbc.SqlScriptsTestExecutionListener@260b95c9, org.springframework.boot.test.autoconfigure.web.servlet.WebDriverTestExecutionListener@39a7e0c2, org.springframework.boot.test.autoconfigure.web.client.MockRestServiceServerResetTestExecutionListener@3a2d9f3d, org.springframework.boot.test.autoconfigure.restdocs.RestDocsTestExecutionListener@32c8ab6c, org.springframework.boot.test.autoconfigure.web.servlet.MockMvcPrintOnlyOnFailureTestExecutionListener@4817c521, org.springframework.boot.test.mock.mockito.ResetMocksTestExecutionListener@4eb08d11, org.springframework.boot.test.mock.mockito.MockitoTestExecutionListener@18b2378d]
2018-11-13 17:34:24.833  INFO 15208 --- [    Test worker] o.s.c.support.GenericApplicationContext  : Refreshing org.springframework.context.support.GenericApplicationContext@199e822a: startup date [Tue Nov 13 17:34:24 GMT 2018]; root of context hierarchy
2018-11-13 17:34:24.889  INFO 15208 --- [    Test worker] com.ccuk.services.AuditLogService        : Call received in AuditLogService : createAuditLog: AuditLog [id=HJXtsrerdN, uniqueId=000123, annexFileName=sv3jFGEgGs, annexStatus=true, scheduleFileName=Comg0pwA4O, scheduleStatus=true, username=f2wPZXuksr, system=FGMA3ZRxto, submittedDateTime=Tue Nov 13 17:34:24 GMT 2018, dateScheduled=[Tue Nov 13 17:34:24 GMT 2018, Tue Nov 13 17:34:24 GMT 2018, Tue Nov 13 17:34:24 GMT 2018, Tue Nov 13 17:34:24 GMT 2018, Tue Nov 13 17:34:24 GMT 2018], countryCode=FR]
]]></system-out>
  <system-err><![CDATA[]]></system-err>
</testsuite>
