<?xml version="1.0" encoding="UTF-8"?>
<testsuite name="com.ccuk.AuditLogConsumerApplicationTests" tests="1" skipped="0" failures="0" errors="0" timestamp="2018-11-13T17:34:24" hostname="UKCCOL0403WOK" time="0.058">
  <properties/>
  <testcase name="contextLoads" classname="com.ccuk.AuditLogConsumerApplicationTests" time="0.058"/>
  <system-out><![CDATA[17:34:14.797 [Test worker] DEBUG org.springframework.test.context.junit4.SpringJUnit4ClassRunner - SpringJUnit4ClassRunner constructor called with [class com.ccuk.AuditLogConsumerApplicationTests]
17:34:14.808 [Test worker] DEBUG org.springframework.test.context.BootstrapUtils - Instantiating CacheAwareContextLoaderDelegate from class [org.springframework.test.context.cache.DefaultCacheAwareContextLoaderDelegate]
17:34:14.830 [Test worker] DEBUG org.springframework.test.context.BootstrapUtils - Instantiating BootstrapContext using constructor [public org.springframework.test.context.support.DefaultBootstrapContext(java.lang.Class,org.springframework.test.context.CacheAwareContextLoaderDelegate)]
17:34:14.862 [Test worker] DEBUG org.springframework.test.context.BootstrapUtils - Instantiating TestContextBootstrapper for test class [com.ccuk.AuditLogConsumerApplicationTests] from class [org.springframework.boot.test.context.SpringBootTestContextBootstrapper]
17:34:14.893 [Test worker] INFO org.springframework.boot.test.context.SpringBootTestContextBootstrapper - Neither @ContextConfiguration nor @ContextHierarchy found for test class [com.ccuk.AuditLogConsumerApplicationTests], using SpringBootContextLoader
17:34:14.900 [Test worker] DEBUG org.springframework.test.context.support.AbstractContextLoader - Did not detect default resource location for test class [com.ccuk.AuditLogConsumerApplicationTests]: class path resource [com/ccuk/AuditLogConsumerApplicationTests-context.xml] does not exist
17:34:14.901 [Test worker] DEBUG org.springframework.test.context.support.AbstractContextLoader - Did not detect default resource location for test class [com.ccuk.AuditLogConsumerApplicationTests]: class path resource [com/ccuk/AuditLogConsumerApplicationTestsContext.groovy] does not exist
17:34:14.901 [Test worker] INFO org.springframework.test.context.support.AbstractContextLoader - Could not detect default resource locations for test class [com.ccuk.AuditLogConsumerApplicationTests]: no resource found for suffixes {-context.xml, Context.groovy}.
17:34:14.903 [Test worker] INFO org.springframework.test.context.support.AnnotationConfigContextLoaderUtils - Could not detect default configuration classes for test class [com.ccuk.AuditLogConsumerApplicationTests]: AuditLogConsumerApplicationTests does not declare any static, non-private, non-final, nested classes annotated with @Configuration.
17:34:14.986 [Test worker] DEBUG org.springframework.test.context.support.ActiveProfilesUtils - Could not find an 'annotation declaring class' for annotation type [org.springframework.test.context.ActiveProfiles] and class [com.ccuk.AuditLogConsumerApplicationTests]
17:34:15.009 [Test worker] DEBUG org.springframework.core.env.StandardEnvironment - Adding [systemProperties] PropertySource with lowest search precedence
17:34:15.013 [Test worker] DEBUG org.springframework.core.env.StandardEnvironment - Adding [systemEnvironment] PropertySource with lowest search precedence
17:34:15.013 [Test worker] DEBUG org.springframework.core.env.StandardEnvironment - Initialized StandardEnvironment with PropertySources [systemProperties,systemEnvironment]
17:34:15.043 [Test worker] DEBUG org.springframework.core.io.support.PathMatchingResourcePatternResolver - Resolved classpath location [com/ccuk/] to resources [URL [file:/C:/CCUKCMS/audit-log-consumer/build/classes/java/test/com/ccuk/], URL [file:/C:/CCUKCMS/audit-log-consumer/build/classes/java/main/com/ccuk/]]
17:34:15.044 [Test worker] DEBUG org.springframework.core.io.support.PathMatchingResourcePatternResolver - Looking for matching resources in directory tree [C:\CCUKCMS\audit-log-consumer\build\classes\java\test\com\ccuk]
17:34:15.044 [Test worker] DEBUG org.springframework.core.io.support.PathMatchingResourcePatternResolver - Searching directory [C:\CCUKCMS\audit-log-consumer\build\classes\java\test\com\ccuk] for files matching pattern [C:/CCUKCMS/audit-log-consumer/build/classes/java/test/com/ccuk/*.class]
17:34:15.052 [Test worker] DEBUG org.springframework.core.io.support.PathMatchingResourcePatternResolver - Looking for matching resources in directory tree [C:\CCUKCMS\audit-log-consumer\build\classes\java\main\com\ccuk]
17:34:15.053 [Test worker] DEBUG org.springframework.core.io.support.PathMatchingResourcePatternResolver - Searching directory [C:\CCUKCMS\audit-log-consumer\build\classes\java\main\com\ccuk] for files matching pattern [C:/CCUKCMS/audit-log-consumer/build/classes/java/main/com/ccuk/*.class]
17:34:15.056 [Test worker] DEBUG org.springframework.core.io.support.PathMatchingResourcePatternResolver - Resolved location pattern [classpath*:com/ccuk/*.class] to resources [file [C:\CCUKCMS\audit-log-consumer\build\classes\java\test\com\ccuk\AuditLogConsumerApplicationTests.class], file [C:\CCUKCMS\audit-log-consumer\build\classes\java\main\com\ccuk\AuditLogConsumerApplication.class]]
17:34:15.196 [Test worker] DEBUG org.springframework.context.annotation.ClassPathScanningCandidateComponentProvider - Identified candidate component class: file [C:\CCUKCMS\audit-log-consumer\build\classes\java\main\com\ccuk\AuditLogConsumerApplication.class]
17:34:15.213 [Test worker] INFO org.springframework.boot.test.context.SpringBootTestContextBootstrapper - Found @SpringBootConfiguration com.ccuk.AuditLogConsumerApplication for test class com.ccuk.AuditLogConsumerApplicationTests
17:34:15.227 [Test worker] DEBUG org.springframework.boot.test.context.SpringBootTestContextBootstrapper - @TestExecutionListeners is not present for class [com.ccuk.AuditLogConsumerApplicationTests]: using defaults.
17:34:15.239 [Test worker] INFO org.springframework.boot.test.context.SpringBootTestContextBootstrapper - Loaded default TestExecutionListener class names from location [META-INF/spring.factories]: [org.springframework.boot.test.autoconfigure.restdocs.RestDocsTestExecutionListener, org.springframework.boot.test.autoconfigure.web.client.MockRestServiceServerResetTestExecutionListener, org.springframework.boot.test.autoconfigure.web.servlet.MockMvcPrintOnlyOnFailureTestExecutionListener, org.springframework.boot.test.autoconfigure.web.servlet.WebDriverTestExecutionListener, org.springframework.boot.test.mock.mockito.MockitoTestExecutionListener, org.springframework.boot.test.mock.mockito.ResetMocksTestExecutionListener, org.springframework.test.context.web.ServletTestExecutionListener, org.springframework.test.context.support.DirtiesContextBeforeModesTestExecutionListener, org.springframework.test.context.support.DependencyInjectionTestExecutionListener, org.springframework.test.context.support.DirtiesContextTestExecutionListener, org.springframework.test.context.transaction.TransactionalTestExecutionListener, org.springframework.test.context.jdbc.SqlScriptsTestExecutionListener]
17:34:15.293 [Test worker] INFO org.springframework.boot.test.context.SpringBootTestContextBootstrapper - Using TestExecutionListeners: [org.springframework.test.context.web.ServletTestExecutionListener@5293b241, org.springframework.test.context.support.DirtiesContextBeforeModesTestExecutionListener@4ef527fb, org.springframework.boot.test.autoconfigure.SpringBootDependencyInjectionTestExecutionListener@35174cbc, org.springframework.test.context.support.DirtiesContextTestExecutionListener@258a2ddf, org.springframework.test.context.transaction.TransactionalTestExecutionListener@6ac49295, org.springframework.test.context.jdbc.SqlScriptsTestExecutionListener@de9aac9, org.springframework.boot.test.autoconfigure.web.servlet.WebDriverTestExecutionListener@2946564, org.springframework.boot.test.autoconfigure.web.client.MockRestServiceServerResetTestExecutionListener@7604443c, org.springframework.boot.test.autoconfigure.restdocs.RestDocsTestExecutionListener@381a3053, org.springframework.boot.test.autoconfigure.web.servlet.MockMvcPrintOnlyOnFailureTestExecutionListener@78657a7b, org.springframework.boot.test.mock.mockito.ResetMocksTestExecutionListener@59fb8f56, org.springframework.boot.test.mock.mockito.MockitoTestExecutionListener@d0a05f1]
17:34:15.298 [Test worker] DEBUG org.springframework.test.annotation.ProfileValueUtils - Retrieved @ProfileValueSourceConfiguration [null] for test class [com.ccuk.AuditLogConsumerApplicationTests]
17:34:15.299 [Test worker] DEBUG org.springframework.test.annotation.ProfileValueUtils - Retrieved ProfileValueSource type [class org.springframework.test.annotation.SystemProfileValueSource] for class [com.ccuk.AuditLogConsumerApplicationTests]
17:34:15.300 [Test worker] DEBUG org.springframework.test.annotation.ProfileValueUtils - Retrieved @ProfileValueSourceConfiguration [null] for test class [com.ccuk.AuditLogConsumerApplicationTests]
17:34:15.300 [Test worker] DEBUG org.springframework.test.annotation.ProfileValueUtils - Retrieved ProfileValueSource type [class org.springframework.test.annotation.SystemProfileValueSource] for class [com.ccuk.AuditLogConsumerApplicationTests]
17:34:15.309 [Test worker] DEBUG org.springframework.test.context.support.AbstractDirtiesContextTestExecutionListener - Before test class: context [DefaultTestContext@4df9303d testClass = AuditLogConsumerApplicationTests, testInstance = [null], testMethod = [null], testException = [null], mergedContextConfiguration = [WebMergedContextConfiguration@1d6321b8 testClass = AuditLogConsumerApplicationTests, locations = '{}', classes = '{class com.ccuk.AuditLogConsumerApplication}', contextInitializerClasses = '[]', activeProfiles = '{}', propertySourceLocations = '{}', propertySourceProperties = '{org.springframework.boot.test.context.SpringBootTestContextBootstrapper=true}', contextCustomizers = set[org.springframework.boot.test.autoconfigure.properties.PropertyMappingContextCustomizer@0, org.springframework.boot.test.autoconfigure.web.servlet.WebDriverContextCustomizerFactory$Customizer@57da318d, org.springframework.boot.test.context.SpringBootTestContextCustomizer@63069135, org.springframework.boot.test.context.filter.ExcludeFilterContextCustomizer@d427d5a, org.springframework.boot.test.json.DuplicateJsonObjectContextCustomizerFactory$DuplicateJsonObjectContextCustomizer@66d3d1b, org.springframework.boot.test.mock.mockito.MockitoContextCustomizer@0], resourceBasePath = 'src/main/webapp', contextLoader = 'org.springframework.boot.test.context.SpringBootContextLoader', parent = [null]]], class annotated with @DirtiesContext [false] with mode [null].
17:34:15.311 [Test worker] DEBUG org.springframework.test.annotation.ProfileValueUtils - Retrieved @ProfileValueSourceConfiguration [null] for test class [com.ccuk.AuditLogConsumerApplicationTests]
17:34:15.311 [Test worker] DEBUG org.springframework.test.annotation.ProfileValueUtils - Retrieved ProfileValueSource type [class org.springframework.test.annotation.SystemProfileValueSource] for class [com.ccuk.AuditLogConsumerApplicationTests]
17:34:15.445 [Test worker] DEBUG org.springframework.core.env.StandardEnvironment - Adding [systemProperties] PropertySource with lowest search precedence
17:34:15.446 [Test worker] DEBUG org.springframework.core.env.StandardEnvironment - Adding [systemEnvironment] PropertySource with lowest search precedence
17:34:15.446 [Test worker] DEBUG org.springframework.core.env.StandardEnvironment - Initialized StandardEnvironment with PropertySources [systemProperties,systemEnvironment]
17:34:15.448 [Test worker] DEBUG org.springframework.core.env.MutablePropertySources - Adding [inline] PropertySource with highest search precedence
17:34:15.458 [Test worker] DEBUG org.springframework.test.context.support.TestPropertySourceUtils - Adding inlined properties to environment: {spring.jmx.enabled=false, org.springframework.boot.test.context.SpringBootTestContextBootstrapper=true, server.port=-1}
17:34:15.458 [Test worker] DEBUG org.springframework.core.env.StandardEnvironment - Adding [Inlined Test Properties] PropertySource with highest search precedence

  .   ____          _            __ _ _
 /\\ / ___'_ __ _ _(_)_ __  __ _ \ \ \ \
( ( )\___ | '_ | '_| | '_ \/ _` | \ \ \ \
 \\/  ___)| |_)| | | | | || (_| |  ) ) ) )
  '  |____| .__|_| |_|_| |_\__, | / / / /
 =========|_|==============|___/=/_/_/_/
 :: Spring Boot ::        (v1.5.4.RELEASE)

2018-11-13 17:34:16.031  INFO 15208 --- [    Test worker] c.ccuk.AuditLogConsumerApplicationTests  : Starting AuditLogConsumerApplicationTests on UKCCOL0403WOK with PID 15208 (started by ukccs1dna in C:\CCUKCMS\audit-log-consumer)
2018-11-13 17:34:16.033  INFO 15208 --- [    Test worker] c.ccuk.AuditLogConsumerApplicationTests  : No active profile set, falling back to default profiles: default
2018-11-13 17:34:16.171  INFO 15208 --- [    Test worker] o.s.w.c.s.GenericWebApplicationContext   : Refreshing org.springframework.web.context.support.GenericWebApplicationContext@7e250e1f: startup date [Tue Nov 13 17:34:16 GMT 2018]; root of context hierarchy
2018-11-13 17:34:18.833  INFO 15208 --- [    Test worker] trationDelegate$BeanPostProcessorChecker : Bean 'org.springframework.amqp.rabbit.annotation.RabbitBootstrapConfiguration' of type [org.springframework.amqp.rabbit.annotation.RabbitBootstrapConfiguration$$EnhancerBySpringCGLIB$$101899d0] is not eligible for getting processed by all BeanPostProcessors (for example: not eligible for auto-proxying)
2018-11-13 17:34:20.358  INFO 15208 --- [    Test worker] org.mongodb.driver.cluster               : Cluster created with settings {hosts=[localhost:27017], mode=SINGLE, requiredClusterType=UNKNOWN, serverSelectionTimeout='30000 ms', maxWaitQueueSize=500}
2018-11-13 17:34:20.619  INFO 15208 --- [localhost:27017] org.mongodb.driver.connection            : Opened connection [connectionId{localValue:1, serverValue:18}] to localhost:27017
2018-11-13 17:34:20.624  INFO 15208 --- [localhost:27017] org.mongodb.driver.cluster               : Monitor thread successfully connected to server with description ServerDescription{address=localhost:27017, type=STANDALONE, state=CONNECTED, ok=true, version=ServerVersion{versionList=[3, 4, 14]}, minWireVersion=0, maxWireVersion=5, maxDocumentSize=16777216, roundTripTimeNanos=1336722}
2018-11-13 17:34:21.854  INFO 15208 --- [    Test worker] s.w.s.m.m.a.RequestMappingHandlerAdapter : Looking for @ControllerAdvice: org.springframework.web.context.support.GenericWebApplicationContext@7e250e1f: startup date [Tue Nov 13 17:34:16 GMT 2018]; root of context hierarchy
2018-11-13 17:34:21.979  INFO 15208 --- [    Test worker] s.w.s.m.m.a.RequestMappingHandlerMapping : Mapped "{[/error]}" onto public org.springframework.http.ResponseEntity<java.util.Map<java.lang.String, java.lang.Object>> org.springframework.boot.autoconfigure.web.BasicErrorController.error(javax.servlet.http.HttpServletRequest)
2018-11-13 17:34:21.980  INFO 15208 --- [    Test worker] s.w.s.m.m.a.RequestMappingHandlerMapping : Mapped "{[/error],produces=[text/html]}" onto public org.springframework.web.servlet.ModelAndView org.springframework.boot.autoconfigure.web.BasicErrorController.errorHtml(javax.servlet.http.HttpServletRequest,javax.servlet.http.HttpServletResponse)
2018-11-13 17:34:22.047  INFO 15208 --- [    Test worker] o.s.w.s.handler.SimpleUrlHandlerMapping  : Mapped URL path [/webjars/**] onto handler of type [class org.springframework.web.servlet.resource.ResourceHttpRequestHandler]
2018-11-13 17:34:22.047  INFO 15208 --- [    Test worker] o.s.w.s.handler.SimpleUrlHandlerMapping  : Mapped URL path [/**] onto handler of type [class org.springframework.web.servlet.resource.ResourceHttpRequestHandler]
2018-11-13 17:34:22.122  INFO 15208 --- [    Test worker] o.s.w.s.handler.SimpleUrlHandlerMapping  : Mapped URL path [/**/favicon.ico] onto handler of type [class org.springframework.web.servlet.resource.ResourceHttpRequestHandler]
2018-11-13 17:34:22.592  INFO 15208 --- [    Test worker] b.a.s.AuthenticationManagerConfiguration : 

Using default security password: bde3d8ca-8fb6-45f4-a4a3-a73282c2e6ca

2018-11-13 17:34:22.720  INFO 15208 --- [    Test worker] o.s.s.web.DefaultSecurityFilterChain     : Creating filter chain: OrRequestMatcher [requestMatchers=[Ant [pattern='/css/**'], Ant [pattern='/js/**'], Ant [pattern='/images/**'], Ant [pattern='/webjars/**'], Ant [pattern='/**/favicon.ico'], Ant [pattern='/error']]], []
2018-11-13 17:34:22.893  INFO 15208 --- [    Test worker] o.s.s.web.DefaultSecurityFilterChain     : Creating filter chain: org.springframework.boot.actuate.autoconfigure.ManagementWebSecurityAutoConfiguration$LazyEndpointPathRequestMatcher@6a723faa, [org.springframework.security.web.context.request.async.WebAsyncManagerIntegrationFilter@47899ce6, org.springframework.security.web.context.SecurityContextPersistenceFilter@3f2bfb9c, org.springframework.security.web.header.HeaderWriterFilter@7027dd66, org.springframework.security.web.authentication.logout.LogoutFilter@3e2ed2ab, org.springframework.security.web.authentication.www.BasicAuthenticationFilter@241128fa, org.springframework.security.web.savedrequest.RequestCacheAwareFilter@30182500, org.springframework.security.web.servletapi.SecurityContextHolderAwareRequestFilter@5a1e5250, org.springframework.security.web.authentication.AnonymousAuthenticationFilter@7433d03c, org.springframework.security.web.session.SessionManagementFilter@357abcca, org.springframework.security.web.access.ExceptionTranslationFilter@59803682, org.springframework.security.web.access.intercept.FilterSecurityInterceptor@3d24db6a]
2018-11-13 17:34:22.899  INFO 15208 --- [    Test worker] o.s.s.web.DefaultSecurityFilterChain     : Creating filter chain: OrRequestMatcher [requestMatchers=[Ant [pattern='/**']]], [org.springframework.security.web.context.request.async.WebAsyncManagerIntegrationFilter@4325cad2, org.springframework.security.web.context.SecurityContextPersistenceFilter@17c6cc6e, org.springframework.security.web.header.HeaderWriterFilter@6859210c, org.springframework.security.web.authentication.logout.LogoutFilter@3adc21d5, org.springframework.security.web.authentication.www.BasicAuthenticationFilter@1bd82f5c, org.springframework.security.web.savedrequest.RequestCacheAwareFilter@3bec4d11, org.springframework.security.web.servletapi.SecurityContextHolderAwareRequestFilter@1a1c5a21, org.springframework.security.web.authentication.AnonymousAuthenticationFilter@10058b1a, org.springframework.security.web.session.SessionManagementFilter@2b61703f, org.springframework.security.web.access.ExceptionTranslationFilter@78aa8592, org.springframework.security.web.access.intercept.FilterSecurityInterceptor@60ed187e]
2018-11-13 17:34:23.524  INFO 15208 --- [    Test worker] o.s.b.a.e.mvc.EndpointHandlerMapping     : Mapped "{[/mappings || /mappings.json],methods=[GET],produces=[application/vnd.spring-boot.actuator.v1+json || application/json]}" onto public java.lang.Object org.springframework.boot.actuate.endpoint.mvc.EndpointMvcAdapter.invoke()
2018-11-13 17:34:23.525  INFO 15208 --- [    Test worker] o.s.b.a.e.mvc.EndpointHandlerMapping     : Mapped "{[/beans || /beans.json],methods=[GET],produces=[application/vnd.spring-boot.actuator.v1+json || application/json]}" onto public java.lang.Object org.springframework.boot.actuate.endpoint.mvc.EndpointMvcAdapter.invoke()
2018-11-13 17:34:23.527  INFO 15208 --- [    Test worker] o.s.b.a.e.mvc.EndpointHandlerMapping     : Mapped "{[/metrics/{name:.*}],methods=[GET],produces=[application/vnd.spring-boot.actuator.v1+json || application/json]}" onto public java.lang.Object org.springframework.boot.actuate.endpoint.mvc.MetricsMvcEndpoint.value(java.lang.String)
2018-11-13 17:34:23.527  INFO 15208 --- [    Test worker] o.s.b.a.e.mvc.EndpointHandlerMapping     : Mapped "{[/metrics || /metrics.json],methods=[GET],produces=[application/vnd.spring-boot.actuator.v1+json || application/json]}" onto public java.lang.Object org.springframework.boot.actuate.endpoint.mvc.EndpointMvcAdapter.invoke()
2018-11-13 17:34:23.528  INFO 15208 --- [    Test worker] o.s.b.a.e.mvc.EndpointHandlerMapping     : Mapped "{[/health || /health.json],methods=[GET],produces=[application/vnd.spring-boot.actuator.v1+json || application/json]}" onto public java.lang.Object org.springframework.boot.actuate.endpoint.mvc.HealthMvcEndpoint.invoke(javax.servlet.http.HttpServletRequest,java.security.Principal)
2018-11-13 17:34:23.530  INFO 15208 --- [    Test worker] o.s.b.a.e.mvc.EndpointHandlerMapping     : Mapped "{[/env/{name:.*}],methods=[GET],produces=[application/vnd.spring-boot.actuator.v1+json || application/json]}" onto public java.lang.Object org.springframework.boot.actuate.endpoint.mvc.EnvironmentMvcEndpoint.value(java.lang.String)
2018-11-13 17:34:23.530  INFO 15208 --- [    Test worker] o.s.b.a.e.mvc.EndpointHandlerMapping     : Mapped "{[/env || /env.json],methods=[GET],produces=[application/vnd.spring-boot.actuator.v1+json || application/json]}" onto public java.lang.Object org.springframework.boot.actuate.endpoint.mvc.EndpointMvcAdapter.invoke()
2018-11-13 17:34:23.531  INFO 15208 --- [    Test worker] o.s.b.a.e.mvc.EndpointHandlerMapping     : Mapped "{[/dump || /dump.json],methods=[GET],produces=[application/vnd.spring-boot.actuator.v1+json || application/json]}" onto public java.lang.Object org.springframework.boot.actuate.endpoint.mvc.EndpointMvcAdapter.invoke()
2018-11-13 17:34:23.534  INFO 15208 --- [    Test worker] o.s.b.a.e.mvc.EndpointHandlerMapping     : Mapped "{[/configprops || /configprops.json],methods=[GET],produces=[application/vnd.spring-boot.actuator.v1+json || application/json]}" onto public java.lang.Object org.springframework.boot.actuate.endpoint.mvc.EndpointMvcAdapter.invoke()
2018-11-13 17:34:23.535  INFO 15208 --- [    Test worker] o.s.b.a.e.mvc.EndpointHandlerMapping     : Mapped "{[/trace || /trace.json],methods=[GET],produces=[application/vnd.spring-boot.actuator.v1+json || application/json]}" onto public java.lang.Object org.springframework.boot.actuate.endpoint.mvc.EndpointMvcAdapter.invoke()
2018-11-13 17:34:23.536  INFO 15208 --- [    Test worker] o.s.b.a.e.mvc.EndpointHandlerMapping     : Mapped "{[/autoconfig || /autoconfig.json],methods=[GET],produces=[application/vnd.spring-boot.actuator.v1+json || application/json]}" onto public java.lang.Object org.springframework.boot.actuate.endpoint.mvc.EndpointMvcAdapter.invoke()
2018-11-13 17:34:23.539  INFO 15208 --- [    Test worker] o.s.b.a.e.mvc.EndpointHandlerMapping     : Mapped "{[/loggers/{name:.*}],methods=[GET],produces=[application/vnd.spring-boot.actuator.v1+json || application/json]}" onto public java.lang.Object org.springframework.boot.actuate.endpoint.mvc.LoggersMvcEndpoint.get(java.lang.String)
2018-11-13 17:34:23.539  INFO 15208 --- [    Test worker] o.s.b.a.e.mvc.EndpointHandlerMapping     : Mapped "{[/loggers/{name:.*}],methods=[POST],consumes=[application/vnd.spring-boot.actuator.v1+json || application/json],produces=[application/vnd.spring-boot.actuator.v1+json || application/json]}" onto public java.lang.Object org.springframework.boot.actuate.endpoint.mvc.LoggersMvcEndpoint.set(java.lang.String,java.util.Map<java.lang.String, java.lang.String>)
2018-11-13 17:34:23.540  INFO 15208 --- [    Test worker] o.s.b.a.e.mvc.EndpointHandlerMapping     : Mapped "{[/loggers || /loggers.json],methods=[GET],produces=[application/vnd.spring-boot.actuator.v1+json || application/json]}" onto public java.lang.Object org.springframework.boot.actuate.endpoint.mvc.EndpointMvcAdapter.invoke()
2018-11-13 17:34:23.542  INFO 15208 --- [    Test worker] o.s.b.a.e.mvc.EndpointHandlerMapping     : Mapped "{[/heapdump || /heapdump.json],methods=[GET],produces=[application/octet-stream]}" onto public void org.springframework.boot.actuate.endpoint.mvc.HeapdumpMvcEndpoint.invoke(boolean,javax.servlet.http.HttpServletRequest,javax.servlet.http.HttpServletResponse) throws java.io.IOException,javax.servlet.ServletException
2018-11-13 17:34:23.543  INFO 15208 --- [    Test worker] o.s.b.a.e.mvc.EndpointHandlerMapping     : Mapped "{[/auditevents || /auditevents.json],methods=[GET],produces=[application/vnd.spring-boot.actuator.v1+json || application/json]}" onto public org.springframework.http.ResponseEntity<?> org.springframework.boot.actuate.endpoint.mvc.AuditEventsMvcEndpoint.findByPrincipalAndAfterAndType(java.lang.String,java.util.Date,java.lang.String)
2018-11-13 17:34:23.544  INFO 15208 --- [    Test worker] o.s.b.a.e.mvc.EndpointHandlerMapping     : Mapped "{[/info || /info.json],methods=[GET],produces=[application/vnd.spring-boot.actuator.v1+json || application/json]}" onto public java.lang.Object org.springframework.boot.actuate.endpoint.mvc.EndpointMvcAdapter.invoke()
2018-11-13 17:34:23.897  INFO 15208 --- [    Test worker] o.s.c.support.DefaultLifecycleProcessor  : Starting beans in phase -2147482648
2018-11-13 17:34:23.898  INFO 15208 --- [    Test worker] o.s.c.support.DefaultLifecycleProcessor  : Starting beans in phase 2147483647
2018-11-13 17:34:24.031  INFO 15208 --- [cTaskExecutor-1] o.s.a.r.c.CachingConnectionFactory       : Created new connection: rabbitConnectionFactory#55d5eba4:0/SimpleConnection@40745895 [delegate=amqp://guest@127.0.0.1:5672/, localPort= 57486]
2018-11-13 17:34:24.107  INFO 15208 --- [    Test worker] c.ccuk.AuditLogConsumerApplicationTests  : Started AuditLogConsumerApplicationTests in 8.623 seconds (JVM running for 11.249)
]]></system-out>
  <system-err><![CDATA[]]></system-err>
</testsuite>
